=> Clean-up start time: 2022-01-19 05:29:29.895681
=> Project: eht-cloud
=> Nodes:
     idfe-clean-0
     idfe-clean-1
     idfe-clean-10
     idfe-clean-2
     idfe-clean-3
     idfe-clean-4
     idfe-clean-transfer
     idfe-test-mount
     clean-crunch-0
     clean-crunch-1
     clean-crunch-10
     clean-crunch-11
     clean-crunch-12
     clean-crunch-13
     clean-crunch-14
     clean-crunch-15
     clean-crunch-2
     clean-crunch-3
     clean-crunch-4
     clean-crunch-5
     clean-crunch-6
     clean-crunch-7
     clean-crunch-8
     clean-crunch-9
     clean-filer
     clean-work
     meetingtutorials
     smilitutorial
     test
     idfe-clean-11
     idfe-clean-5
     idfe-clean-6
     idfe-clean-7
     idfe-clean-8
     idfe-clean-9
     difmap-crunch-0
     difmap-munch-0
     smili-crunch-0
     smili-crunch-1
     smili-crunch-10
     smili-crunch-11
     smili-crunch-12
     smili-crunch-13
     smili-crunch-14
     smili-crunch-15
     smili-crunch-2
     smili-crunch-3
     smili-crunch-4
     smili-crunch-5
     smili-crunch-6
     smili-crunch-7
     smili-crunch-8
     smili-crunch-9
     smili-filer
     smili-work
     eht-atm
     eht-atm-aa
     eht-atm-ax
     eht-atm-gl
     eht-atm-kp
     eht-atm-lm
     eht-atm-mg
     eht-atm-mm
     eht-atm-nq
     eht-atm-pv
     eht-atm-sw
     eht-atm-sz
     eht-buster
     eht-cloud
     eht-crunch-0
     eht-crunch-1
     eht-crunch-2
     eht-crunch-3
     eht-crunch-4
     eht-crunch-5
     eht-crunch-6
     eht-crunch-7
     eht-filer
     eht-munch-0
     eht-munch-1
     eht-munch-2
     eht-munch-3
     eht-munch-4
     eht-munch-5
     eht-munch-6
     eht-munch-7
     eht-work
     test-instance-eht-work
=> Addresses:
     meeting-tutorial
     smili-filer
     eht-cloud
     eht-filer
     eht-work
=> Volumes:
     pvc-93d0ec89-d546-4d58-aa03-e245e1ade881
     idfe-clean-0
     idfe-clean-1
     idfe-clean-10
     idfe-clean-2
     idfe-clean-3
     idfe-clean-4
     idfe-clean-transfer
     idfe-test-mount
     clean-crunch-0
     clean-crunch-1
     clean-crunch-10
     clean-crunch-11
     clean-crunch-12
     clean-crunch-13
     clean-crunch-14
     clean-crunch-15
     clean-crunch-2
     clean-crunch-3
     clean-crunch-4
     clean-crunch-5
     clean-crunch-6
     clean-crunch-7
     clean-crunch-8
     clean-crunch-9
     clean-filer
     clean-shared
     clean-work
     meetingtutorials
     pvc-a53524da-675b-4c62-b157-ea2d5ad5f54c
     pvc-b0c41a1d-cd9c-4429-8b25-17d041482dc4
     smilitutorial
     test
     idfe-clean-11
     idfe-clean-5
     idfe-clean-6
     idfe-clean-7
     idfe-clean-8
     idfe-clean-9
     difmap-crunch-0
     difmap-munch-0
     smili-crunch-0
     smili-crunch-1
     smili-crunch-10
     smili-crunch-11
     smili-crunch-12
     smili-crunch-13
     smili-crunch-14
     smili-crunch-15
     smili-crunch-2
     smili-crunch-3
     smili-crunch-4
     smili-crunch-5
     smili-crunch-6
     smili-crunch-7
     smili-crunch-8
     smili-crunch-9
     smili-filer
     smili-shared
     smili-work
     eht-atm
     eht-atm-aa
     eht-atm-ax
     eht-atm-gl
     eht-atm-kp
     eht-atm-lm
     eht-atm-mg
     eht-atm-mm
     eht-atm-nq
     eht-atm-pv
     eht-atm-sw
     eht-atm-sz
     eht-buster
     eht-cloud
     eht-crunch-0
     eht-crunch-1
     eht-crunch-2
     eht-crunch-3
     eht-crunch-4
     eht-crunch-5
     eht-crunch-6
     eht-crunch-7
     eht-filer
     eht-munch-0
     eht-munch-1
     eht-munch-2
     eht-munch-3
     eht-munch-4
     eht-munch-5
     eht-munch-6
     eht-munch-7
     eht-work
     eht2018
     img-backup
     shared
     test-instance-eht-work
=> Sizes:
     a2-highgpu-1g
     a2-highgpu-2g
     a2-highgpu-4g
     a2-highgpu-8g
     a2-megagpu-16g
     c2-standard-16
     c2-standard-30
     c2-standard-4
     c2-standard-60
     c2-standard-8
     c2d-highcpu-112
     c2d-highcpu-16
     c2d-highcpu-2
     c2d-highcpu-32
     c2d-highcpu-4
     c2d-highcpu-56
     c2d-highcpu-8
     c2d-highmem-112
     c2d-highmem-16
     c2d-highmem-2
     c2d-highmem-32
     c2d-highmem-4
     c2d-highmem-56
     c2d-highmem-8
     c2d-standard-112
     c2d-standard-16
     c2d-standard-2
     c2d-standard-32
     c2d-standard-4
     c2d-standard-56
     c2d-standard-8
     e2-highcpu-16
     e2-highcpu-2
     e2-highcpu-32
     e2-highcpu-4
     e2-highcpu-8
     e2-highmem-16
     e2-highmem-2
     e2-highmem-4
     e2-highmem-8
     e2-medium
     e2-micro
     e2-small
     e2-standard-16
     e2-standard-2
     e2-standard-32
     e2-standard-4
     e2-standard-8
     f1-micro
     g1-small
     m2-ultramem2x-96
     m2-ultramemx-96
     n1-356-96-tpu
     n1-highcpu-16
     n1-highcpu-2
     n1-highcpu-32
     n1-highcpu-4
     n1-highcpu-64
     n1-highcpu-8
     n1-highcpu-96
     n1-highmem-16
     n1-highmem-2
     n1-highmem-32
     n1-highmem-4
     n1-highmem-64
     n1-highmem-8
     n1-highmem-96
     n1-standard-1
     n1-standard-16
     n1-standard-2
     n1-standard-32
     n1-standard-4
     n1-standard-64
     n1-standard-8
     n1-standard-96
     n2-highcpu-16
     n2-highcpu-2
     n2-highcpu-32
     n2-highcpu-4
     n2-highcpu-48
     n2-highcpu-64
     n2-highcpu-8
     n2-highcpu-80
     n2-highmem-16
     n2-highmem-2
     n2-highmem-32
     n2-highmem-4
     n2-highmem-48
     n2-highmem-64
     n2-highmem-8
     n2-highmem-80
     n2-standard-16
     n2-standard-2
     n2-standard-32
     n2-standard-4
     n2-standard-48
     n2-standard-64
     n2-standard-8
     n2-standard-80
     n2d-highcpu-128
     n2d-highcpu-16
     n2d-highcpu-2
     n2d-highcpu-224
     n2d-highcpu-32
     n2d-highcpu-4
     n2d-highcpu-48
     n2d-highcpu-64
     n2d-highcpu-8
     n2d-highcpu-80
     n2d-highcpu-96
     n2d-highmem-16
     n2d-highmem-2
     n2d-highmem-32
     n2d-highmem-4
     n2d-highmem-48
     n2d-highmem-64
     n2d-highmem-8
     n2d-highmem-80
     n2d-highmem-96
     n2d-standard-128
     n2d-standard-16
     n2d-standard-2
     n2d-standard-224
     n2d-standard-32
     n2d-standard-4
     n2d-standard-48
     n2d-standard-64
     n2d-standard-8
     n2d-standard-80
     n2d-standard-96
     t2d-standard-1
     t2d-standard-16
     t2d-standard-2
     t2d-standard-32
     t2d-standard-4
     t2d-standard-48
     t2d-standard-60
     t2d-standard-8
=> Firewalls:
     default-allow-http
     default-allow-https
     default-allow-icmp
     default-allow-internal
     default-allow-jupyter
     default-allow-rdp
     default-allow-ssh
     gke-eht-kluster-c9a8610b-637a4525-all
     gke-eht-kluster-c9a8610b-637a4525-ssh
     gke-eht-kluster-c9a8610b-637a4525-vms
     jupyter-tutorials
     k8s-2f0b732953918254-node-http-hc
     k8s-9013af100b0bfd52-node-http-hc
     k8s-fw-a14737078e5a94f5aa5152ff2279619e
     k8s-fw-a6ac075b1b96945669f86fb54a62f445
     minikf-test1-firewall
     minikf-test1-firewall-http01
=> Networks:
     default
=> Images:
     centos-7-v20220118
     centos-8-v20211214
     centos-stream-8-v20220119
     cos-81-12871-1317-8
     cos-85-13310-1366-21
     cos-89-16108-604-1
     cos-93-16623-102-1
     cos-beta-93-16623-39-6
     debian-10-buster-v20220118
     debian-11-bullseye-v20220118
     debian-9-stretch-v20220118
     opensuse-leap-15-2-v20200702
     opensuse-leap-15-3-v20220112
     rhel-7-v20220119
     rhel-8-v20220119
     sles-12-sp5-v20211204
     sles-15-sp3-v20211113
     sles-12-sp3-byos-v20210303
     sles-12-sp3-sap-byos-v20210303
     sles-12-sp4-byos-v20210303
     sles-12-sp4-sap-byos-v20210303
     sles-12-sp5-byos-v20211204
     sles-12-sp5-sap-byos-v20211204
     sles-15-byos-v20210303
     sles-15-sap-byos-v20210303
     sles-15-sp1-byos-v20210303
     sles-15-sp1-chost-byos-v20210304
     sles-15-sp1-sap-byos-v20210303
     sles-15-sp2-byos-v20210604
     sles-15-sp2-chost-byos-v20211025
     sles-15-sp2-sap-byos-v20210604
     sles-15-sp3-byos-v20211113
     sles-15-sp3-chost-byos-v20220103
     sles-15-sp3-hpc-byos-v20211011
     sles-15-sp3-sap-byos-v20211113
     suse-manager-4-1-proxy-byos-v20211207
     suse-manager-4-1-server-byos-v20211207
     suse-manager-4-2-proxy-byos-v20211117
     suse-manager-4-2-server-byos-v20211113
     sles-12-sp3-sap-v20210303
     sles-12-sp4-sap-v20210303
     sles-12-sp5-sap-v20211204
     sles-15-sap-v20210303
     sles-15-sp1-sap-v20210303
     sles-15-sp2-sap-v20210604
     sles-15-sp3-sap-v20211113
     ubuntu-1804-bionic-v20220111
     windows-server-2012-r2-dc-core-v20211216
     windows-server-2012-r2-dc-v20211216
     windows-server-2016-dc-core-v20211216
     sql-2012-enterprise-windows-2012-r2-dc-v20211216
     sql-2012-standard-windows-2012-r2-dc-v20211216
     sql-2012-web-windows-2012-r2-dc-v20211216
     sql-2014-enterprise-windows-2012-r2-dc-v20211216
     sql-2014-enterprise-windows-2016-dc-v20211216
     sql-2014-standard-windows-2012-r2-dc-v20211216
     sql-2014-web-windows-2012-r2-dc-v20211216
     sql-2016-enterprise-windows-2012-r2-dc-v20211216
=> Locations:
     us-east1-b
     us-east1-c
     us-east1-d
     us-east4-c
     us-east4-b
     us-east4-a
     us-central1-c
     us-central1-a
     us-central1-f
     us-central1-b
     us-west1-b
     us-west1-c
     us-west1-a
     europe-west4-a
     europe-west4-b
     europe-west4-c
     europe-west1-b
     europe-west1-d
     europe-west1-c
     europe-west3-c
     europe-west3-a
     europe-west3-b
     europe-west2-c
     europe-west2-b
     europe-west2-a
     asia-east1-b
     asia-east1-a
     asia-east1-c
     asia-southeast1-b
     asia-southeast1-a
     asia-southeast1-c
     asia-northeast1-b
     asia-northeast1-c
     asia-northeast1-a
     asia-south1-c
     asia-south1-b
     asia-south1-a
     australia-southeast1-b
     australia-southeast1-c
     australia-southeast1-a
     southamerica-east1-b
     southamerica-east1-c
     southamerica-east1-a
     asia-east2-a
     asia-east2-b
     asia-east2-c
     asia-northeast2-a
     asia-northeast2-b
     asia-northeast2-c
     asia-northeast3-a
     asia-northeast3-b
     asia-northeast3-c
     asia-south2-a
     asia-south2-b
     asia-south2-c
     asia-southeast2-a
     asia-southeast2-b
     asia-southeast2-c
     australia-southeast2-a
     australia-southeast2-b
     australia-southeast2-c
     europe-central2-a
     europe-central2-b
     europe-central2-c
     europe-north1-a
     europe-north1-b
     europe-north1-c
     europe-west6-a
     europe-west6-b
     europe-west6-c
     northamerica-northeast1-a
     northamerica-northeast1-b
     northamerica-northeast1-c
     northamerica-northeast2-a
     northamerica-northeast2-b
     northamerica-northeast2-c
     southamerica-west1-a
     southamerica-west1-b
     southamerica-west1-c
     us-west2-a
     us-west2-b
     us-west2-c
     us-west3-a
     us-west3-b
     us-west3-c
     us-west4-a
     us-west4-b
     us-west4-c
=> Zones:
     us-east1-b
     us-east1-c
     us-east1-d
     us-east4-c
     us-east4-b
     us-east4-a
     us-central1-c
     us-central1-a
     us-central1-f
     us-central1-b
     us-west1-b
     us-west1-c
     us-west1-a
     europe-west4-a
     europe-west4-b
     europe-west4-c
     europe-west1-b
     europe-west1-d
     europe-west1-c
     europe-west3-c
     europe-west3-a
     europe-west3-b
     europe-west2-c
     europe-west2-b
     europe-west2-a
     asia-east1-b
     asia-east1-a
     asia-east1-c
     asia-southeast1-b
     asia-southeast1-a
     asia-southeast1-c
     asia-northeast1-b
     asia-northeast1-c
     asia-northeast1-a
     asia-south1-c
     asia-south1-b
     asia-south1-a
     australia-southeast1-b
     australia-southeast1-c
     australia-southeast1-a
     southamerica-east1-b
     southamerica-east1-c
     southamerica-east1-a
     asia-east2-a
     asia-east2-b
     asia-east2-c
     asia-northeast2-a
     asia-northeast2-b
     asia-northeast2-c
     asia-northeast3-a
     asia-northeast3-b
     asia-northeast3-c
     asia-south2-a
     asia-south2-b
     asia-south2-c
     asia-southeast2-a
     asia-southeast2-b
     asia-southeast2-c
     australia-southeast2-a
     australia-southeast2-b
     australia-southeast2-c
     europe-central2-a
     europe-central2-b
     europe-central2-c
     europe-north1-a
     europe-north1-b
     europe-north1-c
     europe-west6-a
     europe-west6-b
     europe-west6-c
     northamerica-northeast1-a
     northamerica-northeast1-b
     northamerica-northeast1-c
     northamerica-northeast2-a
     northamerica-northeast2-b
     northamerica-northeast2-c
     southamerica-west1-a
     southamerica-west1-b
     southamerica-west1-c
     us-west2-a
     us-west2-b
     us-west2-c
     us-west3-a
     us-west3-b
     us-west3-c
     us-west4-a
     us-west4-b
     us-west4-c
=> Snapshots:
     eht-atm-2020-02-02
     eht-cloud-2020-02-02
     eht-crunch-2021-08-04
     eht-filer-2020-02-02
     eht-work-2020-02-02
     eht2018-us-east4-c-20220105182103-gy6p7423
     eht2018-us-east4-c-20220106182102-1j35pp4n
     eht2018-us-east4-c-20220107182104-gd2xwvz9
     eht2018-us-east4-c-20220108182102-ceov13r5
     eht2018-us-east4-c-20220109182105-i3d7mned
     eht2018-us-east4-c-20220110182105-fccykdwx
     eht2018-us-east4-c-20220111182105-x9x1fut2
     eht2018-us-east4-c-20220112182105-b8qt9bun
     eht2018-us-east4-c-20220113182104-a97j984y
     eht2018-us-east4-c-20220114182102-e56fm9j0
     eht2018-us-east4-c-20220115182102-otd6nxh5
     eht2018-us-east4-c-20220116182104-zu9yyvdo
     eht2018-us-east4-c-20220117182104-ehgwlik1
     eht2018-us-east4-c-20220118182104-yxdr0t9r
     img-backup-2019-06-11
     shared-us-east4-c-20220105185031-3hkfzyyi
     shared-us-east4-c-20220106185032-3i2ol7jl
     shared-us-east4-c-20220107185031-5ixzv51m
     shared-us-east4-c-20220108185032-cauzi649
     shared-us-east4-c-20220109185032-0a62uh52
     shared-us-east4-c-20220110185031-2fgzqlme
     shared-us-east4-c-20220111185031-jqq6i2r4
     shared-us-east4-c-20220112185034-9udtack6
     shared-us-east4-c-20220113185031-lwfbjfzy
     shared-us-east4-c-20220114185031-le4fm2zc
     shared-us-east4-c-20220115185031-sclz0e6a
     shared-us-east4-c-20220116185034-5l6f87gi
     shared-us-east4-c-20220117185031-mzxq0dv6
     shared-us-east4-c-20220118185034-etu74jed
     smili-filer-broken
     smili-shared-us-west1-b-20220105180709-upwubgti
     smili-shared-us-west1-b-20220106180709-rzkh0ker
     smili-shared-us-west1-b-20220107180707-hzxx5bwx
     smili-shared-us-west1-b-20220108180708-fqirvj3f
     smili-shared-us-west1-b-20220109180707-sg1tivki
     smili-shared-us-west1-b-20220110180710-2485sofr
     smili-shared-us-west1-b-20220111180710-jnhp046m
     smili-shared-us-west1-b-20220112180707-q6u8yh83
     smili-shared-us-west1-b-20220113180709-ug5k64nv
     smili-shared-us-west1-b-20220114180708-qvt4duji
     smili-shared-us-west1-b-20220115180707-sguxjyrz
     smili-shared-us-west1-b-20220116180709-hgn4uqex
     smili-shared-us-west1-b-20220117180708-wn4u9f0k
     smili-shared-us-west1-b-20220118180710-ssbcelhe
     smili-work-2019-01-09
=> Global Forwarding Rules
=> Target HTTP Proxies
=> URLMaps
=> Backend Services
=> Instance Group Managers
=> Instance Templates
=> Health Checks
     k8s-2f0b732953918254-node
     k8s-9013af100b0bfd52-node
=> Cleaning up any "lct" resources
=> Total runtime: 0:00:14.739636
