GREG us-central1
creationTimestamp: '1969-12-31T16:00:00.000-08:00'
description: us-central1
id: '1000'
kind: compute#region
name: us-central1
quotas:
- limit: 2048.0
  metric: CPUS
  usage: 9.0
- limit: 51200.0
  metric: DISKS_TOTAL_GB
  usage: 25002.0
- limit: 700.0
  metric: STATIC_ADDRESSES
  usage: 1.0
- limit: 128.0
  metric: IN_USE_ADDRESSES
  usage: 7.0
- limit: 10240.0
  metric: SSD_TOTAL_GB
  usage: 455.0
- limit: 30000.0
  metric: LOCAL_SSD_TOTAL_GB
  usage: 0.0
- limit: 2500.0
  metric: INSTANCE_GROUPS
  usage: 2.0
- limit: 1250.0
  metric: INSTANCE_GROUP_MANAGERS
  usage: 2.0
- limit: 20480.0
  metric: INSTANCES
  usage: 44.0
- limit: 1250.0
  metric: AUTOSCALERS
  usage: 0.0
- limit: 500.0
  metric: REGIONAL_AUTOSCALERS
  usage: 0.0
- limit: 500.0
  metric: REGIONAL_INSTANCE_GROUP_MANAGERS
  usage: 0.0
- limit: 250.0
  metric: TARGET_TCP_PROXIES
  usage: 0.0
- limit: 0.0
  metric: PREEMPTIBLE_CPUS
  usage: 0.0
- limit: 16.0
  metric: NVIDIA_K80_GPUS
  usage: 0.0
- limit: 2048.0
  metric: COMMITTED_CPUS
  usage: 0.0
- limit: 30000.0
  metric: COMMITTED_LOCAL_SSD_TOTAL_GB
  usage: 0.0
- limit: 2000.0
  metric: COMMITMENTS
  usage: 0.0
- limit: 2500.0
  metric: NETWORK_ENDPOINT_GROUPS
  usage: 0.0
- limit: 200.0
  metric: INTERNAL_ADDRESSES
  usage: 0.0
- limit: 16.0
  metric: NVIDIA_P100_GPUS
  usage: 0.0
- limit: 0.0
  metric: PREEMPTIBLE_LOCAL_SSD_GB
  usage: 0.0
- limit: 1.0
  metric: PREEMPTIBLE_NVIDIA_K80_GPUS
  usage: 0.0
- limit: 32.0
  metric: PREEMPTIBLE_NVIDIA_P100_GPUS
  usage: 0.0
- limit: 4.0
  metric: NVIDIA_P100_VWS_GPUS
  usage: 0.0
- limit: 16.0
  metric: NVIDIA_V100_GPUS
  usage: 0.0
- limit: 16.0
  metric: NVIDIA_P4_GPUS
  usage: 0.0
- limit: 4.0
  metric: NVIDIA_P4_VWS_GPUS
  usage: 0.0
- limit: 100.0
  metric: NODE_GROUPS
  usage: 0.0
- limit: 100.0
  metric: NODE_TEMPLATES
  usage: 0.0
- limit: 32.0
  metric: PREEMPTIBLE_NVIDIA_V100_GPUS
  usage: 0.0
- limit: 32.0
  metric: PREEMPTIBLE_NVIDIA_P4_GPUS
  usage: 0.0
- limit: 4.0
  metric: PREEMPTIBLE_NVIDIA_P100_VWS_GPUS
  usage: 0.0
- limit: 4.0
  metric: PREEMPTIBLE_NVIDIA_P4_VWS_GPUS
  usage: 0.0
- limit: 16.0
  metric: INTERCONNECT_ATTACHMENTS_PER_REGION
  usage: 0.0
- limit: 80000.0
  metric: INTERCONNECT_ATTACHMENTS_TOTAL_MBPS
  usage: 0.0
- limit: 40.0
  metric: RESOURCE_POLICIES
  usage: 0.0
- limit: 1000.0
  metric: IN_USE_SNAPSHOT_SCHEDULES
  usage: 0.0
- limit: 16.0
  metric: NVIDIA_T4_GPUS
  usage: 0.0
- limit: 8.0
  metric: NVIDIA_T4_VWS_GPUS
  usage: 0.0
- limit: 16.0
  metric: PREEMPTIBLE_NVIDIA_T4_GPUS
  usage: 0.0
- limit: 8.0
  metric: PREEMPTIBLE_NVIDIA_T4_VWS_GPUS
  usage: 0.0
- limit: 20.0
  metric: IN_USE_BACKUP_SCHEDULES
  usage: 0.0
- limit: 10.0
  metric: PUBLIC_DELEGATED_PREFIXES
  usage: 0.0
- limit: 64.0
  metric: COMMITTED_NVIDIA_K80_GPUS
  usage: 0.0
- limit: 64.0
  metric: COMMITTED_NVIDIA_P100_GPUS
  usage: 0.0
- limit: 8.0
  metric: COMMITTED_NVIDIA_P4_GPUS
  usage: 0.0
- limit: 8.0
  metric: COMMITTED_NVIDIA_V100_GPUS
  usage: 0.0
- limit: 16.0
  metric: COMMITTED_NVIDIA_T4_GPUS
  usage: 0.0
- limit: 4096.0
  metric: C2_CPUS
  usage: 4.0
- limit: 24.0
  metric: N2_CPUS
  usage: 0.0
- limit: 24.0
  metric: COMMITTED_N2_CPUS
  usage: 0.0
- limit: 4096.0
  metric: COMMITTED_C2_CPUS
  usage: 0.0
- limit: 2000.0
  metric: RESERVATIONS
  usage: 0.0
- limit: 200.0
  metric: COMMITTED_LICENSES
  usage: 0.0
- limit: 0.0
  metric: N2D_CPUS
  usage: 0.0
- limit: 0.0
  metric: COMMITTED_N2D_CPUS
  usage: 0.0
- limit: 1000.0
  metric: SERVICE_ATTACHMENTS
  usage: 0.0
- limit: 128.0
  metric: STATIC_BYOIP_ADDRESSES
  usage: 0.0
- limit: 200.0
  metric: AFFINITY_GROUPS
  usage: 0.0
- limit: 16.0
  metric: NVIDIA_A100_GPUS
  usage: 0.0
- limit: 64.0
  metric: PREEMPTIBLE_NVIDIA_A100_GPUS
  usage: 0.0
- limit: 16.0
  metric: COMMITTED_NVIDIA_A100_GPUS
  usage: 0.0
- limit: 160.0
  metric: M1_CPUS
  usage: 0.0
- limit: 0.0
  metric: M2_CPUS
  usage: 0.0
- limit: 192.0
  metric: A2_CPUS
  usage: 0.0
- limit: 192.0
  metric: COMMITTED_A2_CPUS
  usage: 0.0
- limit: 160.0
  metric: COMMITTED_MEMORY_OPTIMIZED_CPUS
  usage: 0.0
- limit: 100.0
  metric: NETWORK_FIREWALL_POLICIES
  usage: 0.0
- limit: 1000.0
  metric: PSC_INTERNAL_LB_FORWARDING_RULES
  usage: 0.0
- limit: 375.0
  metric: EXTERNAL_NETWORK_LB_FORWARDING_RULES
  usage: 2.0
- limit: 375.0
  metric: EXTERNAL_PROTOCOL_FORWARDING_RULES
  usage: 0.0
- limit: 900000.0
  metric: PD_EXTREME_TOTAL_PROVISIONED_IOPS
  usage: 0.0
- limit: 2400.0
  metric: E2_CPUS
  usage: 0.0
- limit: 2400.0
  metric: COMMITTED_E2_CPUS
  usage: 0.0
- limit: 35.0
  metric: EXTERNAL_MANAGED_FORWARDING_RULES
  usage: 0.0
- limit: 500.0
  metric: C2D_CPUS
  usage: 0.0
- limit: 128.0
  metric: N2A_CPUS
  usage: 0.0
- limit: 10.0
  metric: SECURITY_POLICIES_PER_REGION
  usage: 0.0
- limit: 200.0
  metric: SECURITY_POLICY_RULES_PER_REGION
  usage: 0.0
- limit: 128.0
  metric: T2D_CPUS
  usage: 0.0
- limit: 96.0
  metric: T2A_CPUS
  usage: 0.0
selfLink: https://www.googleapis.com/compute/v1/projects/eht-cloud/regions/us-central1
status: UP
supportsPzs: false
zones:
- https://www.googleapis.com/compute/v1/projects/eht-cloud/zones/us-central1-a
- https://www.googleapis.com/compute/v1/projects/eht-cloud/zones/us-central1-b
- https://www.googleapis.com/compute/v1/projects/eht-cloud/zones/us-central1-c
- https://www.googleapis.com/compute/v1/projects/eht-cloud/zones/us-central1-f
GREG us-east1
creationTimestamp: '1969-12-31T16:00:00.000-08:00'
description: us-east1
id: '1230'
kind: compute#region
name: us-east1
quotas:
- limit: 256.0
  metric: CPUS
  usage: 0.0
- limit: 10240.0
  metric: DISKS_TOTAL_GB
  usage: 0.0
- limit: 700.0
  metric: STATIC_ADDRESSES
  usage: 0.0
- limit: 2300.0
  metric: IN_USE_ADDRESSES
  usage: 0.0
- limit: 81920.0
  metric: SSD_TOTAL_GB
  usage: 0.0
- limit: 30000.0
  metric: LOCAL_SSD_TOTAL_GB
  usage: 0.0
- limit: 2500.0
  metric: INSTANCE_GROUPS
  usage: 0.0
- limit: 1250.0
  metric: INSTANCE_GROUP_MANAGERS
  usage: 0.0
- limit: 2560.0
  metric: INSTANCES
  usage: 0.0
- limit: 1250.0
  metric: AUTOSCALERS
  usage: 0.0
- limit: 500.0
  metric: REGIONAL_AUTOSCALERS
  usage: 0.0
- limit: 500.0
  metric: REGIONAL_INSTANCE_GROUP_MANAGERS
  usage: 0.0
- limit: 250.0
  metric: TARGET_TCP_PROXIES
  usage: 0.0
- limit: 10000.0
  metric: PREEMPTIBLE_CPUS
  usage: 0.0
- limit: 64.0
  metric: NVIDIA_K80_GPUS
  usage: 0.0
- limit: 2400.0
  metric: COMMITTED_CPUS
  usage: 0.0
- limit: 30000.0
  metric: COMMITTED_LOCAL_SSD_TOTAL_GB
  usage: 0.0
- limit: 2000.0
  metric: COMMITMENTS
  usage: 0.0
- limit: 2500.0
  metric: NETWORK_ENDPOINT_GROUPS
  usage: 0.0
- limit: 200.0
  metric: INTERNAL_ADDRESSES
  usage: 0.0
- limit: 64.0
  metric: NVIDIA_P100_GPUS
  usage: 0.0
- limit: 0.0
  metric: PREEMPTIBLE_LOCAL_SSD_GB
  usage: 0.0
- limit: 1.0
  metric: PREEMPTIBLE_NVIDIA_K80_GPUS
  usage: 0.0
- limit: 32.0
  metric: PREEMPTIBLE_NVIDIA_P100_GPUS
  usage: 0.0
- limit: 4.0
  metric: NVIDIA_P100_VWS_GPUS
  usage: 0.0
- limit: 8.0
  metric: NVIDIA_V100_GPUS
  usage: 0.0
- limit: 8.0
  metric: NVIDIA_P4_GPUS
  usage: 0.0
- limit: 4.0
  metric: NVIDIA_P4_VWS_GPUS
  usage: 0.0
- limit: 100.0
  metric: NODE_GROUPS
  usage: 0.0
- limit: 100.0
  metric: NODE_TEMPLATES
  usage: 0.0
- limit: 32.0
  metric: PREEMPTIBLE_NVIDIA_V100_GPUS
  usage: 0.0
- limit: 32.0
  metric: PREEMPTIBLE_NVIDIA_P4_GPUS
  usage: 0.0
- limit: 4.0
  metric: PREEMPTIBLE_NVIDIA_P100_VWS_GPUS
  usage: 0.0
- limit: 4.0
  metric: PREEMPTIBLE_NVIDIA_P4_VWS_GPUS
  usage: 0.0
- limit: 16.0
  metric: INTERCONNECT_ATTACHMENTS_PER_REGION
  usage: 0.0
- limit: 80000.0
  metric: INTERCONNECT_ATTACHMENTS_TOTAL_MBPS
  usage: 0.0
- limit: 40.0
  metric: RESOURCE_POLICIES
  usage: 0.0
- limit: 1000.0
  metric: IN_USE_SNAPSHOT_SCHEDULES
  usage: 0.0
- limit: 16.0
  metric: NVIDIA_T4_GPUS
  usage: 0.0
- limit: 8.0
  metric: NVIDIA_T4_VWS_GPUS
  usage: 0.0
- limit: 16.0
  metric: PREEMPTIBLE_NVIDIA_T4_GPUS
  usage: 0.0
- limit: 8.0
  metric: PREEMPTIBLE_NVIDIA_T4_VWS_GPUS
  usage: 0.0
- limit: 20.0
  metric: IN_USE_BACKUP_SCHEDULES
  usage: 0.0
- limit: 10.0
  metric: PUBLIC_DELEGATED_PREFIXES
  usage: 0.0
- limit: 64.0
  metric: COMMITTED_NVIDIA_K80_GPUS
  usage: 0.0
- limit: 64.0
  metric: COMMITTED_NVIDIA_P100_GPUS
  usage: 0.0
- limit: 8.0
  metric: COMMITTED_NVIDIA_P4_GPUS
  usage: 0.0
- limit: 8.0
  metric: COMMITTED_NVIDIA_V100_GPUS
  usage: 0.0
- limit: 16.0
  metric: COMMITTED_NVIDIA_T4_GPUS
  usage: 0.0
- limit: 24.0
  metric: C2_CPUS
  usage: 0.0
- limit: 24.0
  metric: N2_CPUS
  usage: 0.0
- limit: 24.0
  metric: COMMITTED_N2_CPUS
  usage: 0.0
- limit: 24.0
  metric: COMMITTED_C2_CPUS
  usage: 0.0
- limit: 2000.0
  metric: RESERVATIONS
  usage: 0.0
- limit: 200.0
  metric: COMMITTED_LICENSES
  usage: 0.0
- limit: 0.0
  metric: N2D_CPUS
  usage: 0.0
- limit: 0.0
  metric: COMMITTED_N2D_CPUS
  usage: 0.0
- limit: 1000.0
  metric: SERVICE_ATTACHMENTS
  usage: 0.0
- limit: 128.0
  metric: STATIC_BYOIP_ADDRESSES
  usage: 0.0
- limit: 200.0
  metric: AFFINITY_GROUPS
  usage: 0.0
- limit: 16.0
  metric: NVIDIA_A100_GPUS
  usage: 0.0
- limit: 64.0
  metric: PREEMPTIBLE_NVIDIA_A100_GPUS
  usage: 0.0
- limit: 16.0
  metric: COMMITTED_NVIDIA_A100_GPUS
  usage: 0.0
- limit: 160.0
  metric: M1_CPUS
  usage: 0.0
- limit: 0.0
  metric: M2_CPUS
  usage: 0.0
- limit: 192.0
  metric: A2_CPUS
  usage: 0.0
- limit: 192.0
  metric: COMMITTED_A2_CPUS
  usage: 0.0
- limit: 160.0
  metric: COMMITTED_MEMORY_OPTIMIZED_CPUS
  usage: 0.0
- limit: 100.0
  metric: NETWORK_FIREWALL_POLICIES
  usage: 0.0
- limit: 1000.0
  metric: PSC_INTERNAL_LB_FORWARDING_RULES
  usage: 0.0
- limit: 375.0
  metric: EXTERNAL_NETWORK_LB_FORWARDING_RULES
  usage: 0.0
- limit: 375.0
  metric: EXTERNAL_PROTOCOL_FORWARDING_RULES
  usage: 0.0
- limit: 900000.0
  metric: PD_EXTREME_TOTAL_PROVISIONED_IOPS
  usage: 0.0
- limit: 2400.0
  metric: E2_CPUS
  usage: 0.0
- limit: 2400.0
  metric: COMMITTED_E2_CPUS
  usage: 0.0
- limit: 35.0
  metric: EXTERNAL_MANAGED_FORWARDING_RULES
  usage: 0.0
- limit: 500.0
  metric: C2D_CPUS
  usage: 0.0
- limit: 128.0
  metric: N2A_CPUS
  usage: 0.0
- limit: 10.0
  metric: SECURITY_POLICIES_PER_REGION
  usage: 0.0
- limit: 200.0
  metric: SECURITY_POLICY_RULES_PER_REGION
  usage: 0.0
- limit: 128.0
  metric: T2D_CPUS
  usage: 0.0
- limit: 96.0
  metric: T2A_CPUS
  usage: 0.0
selfLink: https://www.googleapis.com/compute/v1/projects/eht-cloud/regions/us-east1
status: UP
supportsPzs: false
zones:
- https://www.googleapis.com/compute/v1/projects/eht-cloud/zones/us-east1-b
- https://www.googleapis.com/compute/v1/projects/eht-cloud/zones/us-east1-c
- https://www.googleapis.com/compute/v1/projects/eht-cloud/zones/us-east1-d
GREG us-east4
creationTimestamp: '1969-12-31T16:00:00.000-08:00'
description: us-east4
id: '1270'
kind: compute#region
name: us-east4
quotas:
- limit: 1280.0
  metric: CPUS
  usage: 20.0
- limit: 76800.0
  metric: DISKS_TOTAL_GB
  usage: 63904.0
- limit: 700.0
  metric: STATIC_ADDRESSES
  usage: 3.0
- limit: 32.0
  metric: IN_USE_ADDRESSES
  usage: 7.0
- limit: 1024.0
  metric: SSD_TOTAL_GB
  usage: 466.0
- limit: 30000.0
  metric: LOCAL_SSD_TOTAL_GB
  usage: 0.0
- limit: 2500.0
  metric: INSTANCE_GROUPS
  usage: 0.0
- limit: 1250.0
  metric: INSTANCE_GROUP_MANAGERS
  usage: 0.0
- limit: 10240.0
  metric: INSTANCES
  usage: 33.0
- limit: 1250.0
  metric: AUTOSCALERS
  usage: 0.0
- limit: 500.0
  metric: REGIONAL_AUTOSCALERS
  usage: 0.0
- limit: 500.0
  metric: REGIONAL_INSTANCE_GROUP_MANAGERS
  usage: 0.0
- limit: 250.0
  metric: TARGET_TCP_PROXIES
  usage: 0.0
- limit: 0.0
  metric: PREEMPTIBLE_CPUS
  usage: 0.0
- limit: 64.0
  metric: NVIDIA_K80_GPUS
  usage: 0.0
- limit: 2400.0
  metric: COMMITTED_CPUS
  usage: 0.0
- limit: 30000.0
  metric: COMMITTED_LOCAL_SSD_TOTAL_GB
  usage: 0.0
- limit: 2000.0
  metric: COMMITMENTS
  usage: 0.0
- limit: 2500.0
  metric: NETWORK_ENDPOINT_GROUPS
  usage: 0.0
- limit: 200.0
  metric: INTERNAL_ADDRESSES
  usage: 0.0
- limit: 64.0
  metric: NVIDIA_P100_GPUS
  usage: 0.0
- limit: 0.0
  metric: PREEMPTIBLE_LOCAL_SSD_GB
  usage: 0.0
- limit: 1.0
  metric: PREEMPTIBLE_NVIDIA_K80_GPUS
  usage: 0.0
- limit: 32.0
  metric: PREEMPTIBLE_NVIDIA_P100_GPUS
  usage: 0.0
- limit: 4.0
  metric: NVIDIA_P100_VWS_GPUS
  usage: 0.0
- limit: 8.0
  metric: NVIDIA_V100_GPUS
  usage: 0.0
- limit: 8.0
  metric: NVIDIA_P4_GPUS
  usage: 1.0
- limit: 4.0
  metric: NVIDIA_P4_VWS_GPUS
  usage: 0.0
- limit: 100.0
  metric: NODE_GROUPS
  usage: 0.0
- limit: 100.0
  metric: NODE_TEMPLATES
  usage: 0.0
- limit: 32.0
  metric: PREEMPTIBLE_NVIDIA_V100_GPUS
  usage: 0.0
- limit: 32.0
  metric: PREEMPTIBLE_NVIDIA_P4_GPUS
  usage: 0.0
- limit: 4.0
  metric: PREEMPTIBLE_NVIDIA_P100_VWS_GPUS
  usage: 0.0
- limit: 4.0
  metric: PREEMPTIBLE_NVIDIA_P4_VWS_GPUS
  usage: 0.0
- limit: 16.0
  metric: INTERCONNECT_ATTACHMENTS_PER_REGION
  usage: 0.0
- limit: 80000.0
  metric: INTERCONNECT_ATTACHMENTS_TOTAL_MBPS
  usage: 0.0
- limit: 40.0
  metric: RESOURCE_POLICIES
  usage: 2.0
- limit: 1000.0
  metric: IN_USE_SNAPSHOT_SCHEDULES
  usage: 2.0
- limit: 16.0
  metric: NVIDIA_T4_GPUS
  usage: 0.0
- limit: 8.0
  metric: NVIDIA_T4_VWS_GPUS
  usage: 0.0
- limit: 16.0
  metric: PREEMPTIBLE_NVIDIA_T4_GPUS
  usage: 0.0
- limit: 8.0
  metric: PREEMPTIBLE_NVIDIA_T4_VWS_GPUS
  usage: 0.0
- limit: 20.0
  metric: IN_USE_BACKUP_SCHEDULES
  usage: 0.0
- limit: 10.0
  metric: PUBLIC_DELEGATED_PREFIXES
  usage: 0.0
- limit: 64.0
  metric: COMMITTED_NVIDIA_K80_GPUS
  usage: 0.0
- limit: 64.0
  metric: COMMITTED_NVIDIA_P100_GPUS
  usage: 0.0
- limit: 8.0
  metric: COMMITTED_NVIDIA_P4_GPUS
  usage: 0.0
- limit: 8.0
  metric: COMMITTED_NVIDIA_V100_GPUS
  usage: 0.0
- limit: 16.0
  metric: COMMITTED_NVIDIA_T4_GPUS
  usage: 0.0
- limit: 24.0
  metric: C2_CPUS
  usage: 0.0
- limit: 24.0
  metric: N2_CPUS
  usage: 0.0
- limit: 24.0
  metric: COMMITTED_N2_CPUS
  usage: 0.0
- limit: 24.0
  metric: COMMITTED_C2_CPUS
  usage: 0.0
- limit: 2000.0
  metric: RESERVATIONS
  usage: 0.0
- limit: 200.0
  metric: COMMITTED_LICENSES
  usage: 0.0
- limit: 0.0
  metric: N2D_CPUS
  usage: 0.0
- limit: 0.0
  metric: COMMITTED_N2D_CPUS
  usage: 0.0
- limit: 1000.0
  metric: SERVICE_ATTACHMENTS
  usage: 0.0
- limit: 128.0
  metric: STATIC_BYOIP_ADDRESSES
  usage: 0.0
- limit: 200.0
  metric: AFFINITY_GROUPS
  usage: 0.0
- limit: 16.0
  metric: NVIDIA_A100_GPUS
  usage: 0.0
- limit: 64.0
  metric: PREEMPTIBLE_NVIDIA_A100_GPUS
  usage: 0.0
- limit: 16.0
  metric: COMMITTED_NVIDIA_A100_GPUS
  usage: 0.0
- limit: 160.0
  metric: M1_CPUS
  usage: 0.0
- limit: 0.0
  metric: M2_CPUS
  usage: 0.0
- limit: 192.0
  metric: A2_CPUS
  usage: 0.0
- limit: 192.0
  metric: COMMITTED_A2_CPUS
  usage: 0.0
- limit: 160.0
  metric: COMMITTED_MEMORY_OPTIMIZED_CPUS
  usage: 0.0
- limit: 100.0
  metric: NETWORK_FIREWALL_POLICIES
  usage: 0.0
- limit: 1000.0
  metric: PSC_INTERNAL_LB_FORWARDING_RULES
  usage: 0.0
- limit: 375.0
  metric: EXTERNAL_NETWORK_LB_FORWARDING_RULES
  usage: 0.0
- limit: 375.0
  metric: EXTERNAL_PROTOCOL_FORWARDING_RULES
  usage: 0.0
- limit: 900000.0
  metric: PD_EXTREME_TOTAL_PROVISIONED_IOPS
  usage: 0.0
- limit: 2400.0
  metric: E2_CPUS
  usage: 0.0
- limit: 2400.0
  metric: COMMITTED_E2_CPUS
  usage: 0.0
- limit: 35.0
  metric: EXTERNAL_MANAGED_FORWARDING_RULES
  usage: 0.0
- limit: 500.0
  metric: C2D_CPUS
  usage: 0.0
- limit: 128.0
  metric: N2A_CPUS
  usage: 0.0
- limit: 10.0
  metric: SECURITY_POLICIES_PER_REGION
  usage: 0.0
- limit: 200.0
  metric: SECURITY_POLICY_RULES_PER_REGION
  usage: 0.0
- limit: 128.0
  metric: T2D_CPUS
  usage: 0.0
- limit: 96.0
  metric: T2A_CPUS
  usage: 0.0
selfLink: https://www.googleapis.com/compute/v1/projects/eht-cloud/regions/us-east4
status: UP
supportsPzs: true
zones:
- https://www.googleapis.com/compute/v1/projects/eht-cloud/zones/us-east4-a
- https://www.googleapis.com/compute/v1/projects/eht-cloud/zones/us-east4-b
- https://www.googleapis.com/compute/v1/projects/eht-cloud/zones/us-east4-c
GREG us-east5
creationTimestamp: '1969-12-31T16:00:00.000-08:00'
description: us-east5
id: '1530'
kind: compute#region
name: us-east5
quotas:
- limit: 24.0
  metric: CPUS
  usage: 0.0
- limit: 4096.0
  metric: DISKS_TOTAL_GB
  usage: 0.0
- limit: 8.0
  metric: STATIC_ADDRESSES
  usage: 0.0
- limit: 8.0
  metric: IN_USE_ADDRESSES
  usage: 0.0
- limit: 500.0
  metric: SSD_TOTAL_GB
  usage: 0.0
- limit: 6000.0
  metric: LOCAL_SSD_TOTAL_GB
  usage: 0.0
- limit: 100.0
  metric: INSTANCE_GROUPS
  usage: 0.0
- limit: 50.0
  metric: INSTANCE_GROUP_MANAGERS
  usage: 0.0
- limit: 240.0
  metric: INSTANCES
  usage: 0.0
- limit: 50.0
  metric: AUTOSCALERS
  usage: 0.0
- limit: 20.0
  metric: REGIONAL_AUTOSCALERS
  usage: 0.0
- limit: 20.0
  metric: REGIONAL_INSTANCE_GROUP_MANAGERS
  usage: 0.0
- limit: 250.0
  metric: TARGET_TCP_PROXIES
  usage: 0.0
- limit: 0.0
  metric: PREEMPTIBLE_CPUS
  usage: 0.0
- limit: 1.0
  metric: NVIDIA_K80_GPUS
  usage: 0.0
- limit: 0.0
  metric: COMMITTED_CPUS
  usage: 0.0
- limit: 0.0
  metric: COMMITTED_LOCAL_SSD_TOTAL_GB
  usage: 0.0
- limit: 0.0
  metric: COMMITMENTS
  usage: 0.0
- limit: 100.0
  metric: NETWORK_ENDPOINT_GROUPS
  usage: 0.0
- limit: 200.0
  metric: INTERNAL_ADDRESSES
  usage: 0.0
- limit: 1.0
  metric: NVIDIA_P100_GPUS
  usage: 0.0
- limit: 0.0
  metric: PREEMPTIBLE_LOCAL_SSD_GB
  usage: 0.0
- limit: 1.0
  metric: PREEMPTIBLE_NVIDIA_K80_GPUS
  usage: 0.0
- limit: 1.0
  metric: PREEMPTIBLE_NVIDIA_P100_GPUS
  usage: 0.0
- limit: 1.0
  metric: NVIDIA_P100_VWS_GPUS
  usage: 0.0
- limit: 1.0
  metric: NVIDIA_V100_GPUS
  usage: 0.0
- limit: 1.0
  metric: NVIDIA_P4_GPUS
  usage: 0.0
- limit: 1.0
  metric: NVIDIA_P4_VWS_GPUS
  usage: 0.0
- limit: 100.0
  metric: NODE_GROUPS
  usage: 0.0
- limit: 100.0
  metric: NODE_TEMPLATES
  usage: 0.0
- limit: 1.0
  metric: PREEMPTIBLE_NVIDIA_V100_GPUS
  usage: 0.0
- limit: 1.0
  metric: PREEMPTIBLE_NVIDIA_P4_GPUS
  usage: 0.0
- limit: 1.0
  metric: PREEMPTIBLE_NVIDIA_P100_VWS_GPUS
  usage: 0.0
- limit: 1.0
  metric: PREEMPTIBLE_NVIDIA_P4_VWS_GPUS
  usage: 0.0
- limit: 16.0
  metric: INTERCONNECT_ATTACHMENTS_PER_REGION
  usage: 0.0
- limit: 80000.0
  metric: INTERCONNECT_ATTACHMENTS_TOTAL_MBPS
  usage: 0.0
- limit: 5.0
  metric: RESOURCE_POLICIES
  usage: 0.0
- limit: 20.0
  metric: IN_USE_SNAPSHOT_SCHEDULES
  usage: 0.0
- limit: 1.0
  metric: NVIDIA_T4_GPUS
  usage: 0.0
- limit: 1.0
  metric: NVIDIA_T4_VWS_GPUS
  usage: 0.0
- limit: 1.0
  metric: PREEMPTIBLE_NVIDIA_T4_GPUS
  usage: 0.0
- limit: 1.0
  metric: PREEMPTIBLE_NVIDIA_T4_VWS_GPUS
  usage: 0.0
- limit: 20.0
  metric: IN_USE_BACKUP_SCHEDULES
  usage: 0.0
- limit: 10.0
  metric: PUBLIC_DELEGATED_PREFIXES
  usage: 0.0
- limit: 0.0
  metric: COMMITTED_NVIDIA_K80_GPUS
  usage: 0.0
- limit: 0.0
  metric: COMMITTED_NVIDIA_P100_GPUS
  usage: 0.0
- limit: 0.0
  metric: COMMITTED_NVIDIA_P4_GPUS
  usage: 0.0
- limit: 0.0
  metric: COMMITTED_NVIDIA_V100_GPUS
  usage: 0.0
- limit: 0.0
  metric: COMMITTED_NVIDIA_T4_GPUS
  usage: 0.0
- limit: 0.0
  metric: C2_CPUS
  usage: 0.0
- limit: 0.0
  metric: N2_CPUS
  usage: 0.0
- limit: 0.0
  metric: COMMITTED_N2_CPUS
  usage: 0.0
- limit: 0.0
  metric: COMMITTED_C2_CPUS
  usage: 0.0
- limit: 100.0
  metric: RESERVATIONS
  usage: 0.0
- limit: 0.0
  metric: COMMITTED_LICENSES
  usage: 0.0
- limit: 0.0
  metric: N2D_CPUS
  usage: 0.0
- limit: 24.0
  metric: COMMITTED_N2D_CPUS
  usage: 0.0
- limit: 1000.0
  metric: SERVICE_ATTACHMENTS
  usage: 0.0
- limit: 128.0
  metric: STATIC_BYOIP_ADDRESSES
  usage: 0.0
- limit: 0.0
  metric: AFFINITY_GROUPS
  usage: 0.0
- limit: 16.0
  metric: NVIDIA_A100_GPUS
  usage: 0.0
- limit: 64.0
  metric: PREEMPTIBLE_NVIDIA_A100_GPUS
  usage: 0.0
- limit: 16.0
  metric: COMMITTED_NVIDIA_A100_GPUS
  usage: 0.0
- limit: 160.0
  metric: M1_CPUS
  usage: 0.0
- limit: 0.0
  metric: M2_CPUS
  usage: 0.0
- limit: 192.0
  metric: A2_CPUS
  usage: 0.0
- limit: 192.0
  metric: COMMITTED_A2_CPUS
  usage: 0.0
- limit: 0.0
  metric: COMMITTED_MEMORY_OPTIMIZED_CPUS
  usage: 0.0
- limit: 100.0
  metric: NETWORK_FIREWALL_POLICIES
  usage: 0.0
- limit: 1000.0
  metric: PSC_INTERNAL_LB_FORWARDING_RULES
  usage: 0.0
- limit: 15.0
  metric: EXTERNAL_NETWORK_LB_FORWARDING_RULES
  usage: 0.0
- limit: 15.0
  metric: EXTERNAL_PROTOCOL_FORWARDING_RULES
  usage: 0.0
- limit: 120000.0
  metric: PD_EXTREME_TOTAL_PROVISIONED_IOPS
  usage: 0.0
- limit: 24.0
  metric: E2_CPUS
  usage: 0.0
- limit: 0.0
  metric: COMMITTED_E2_CPUS
  usage: 0.0
- limit: 15.0
  metric: EXTERNAL_MANAGED_FORWARDING_RULES
  usage: 0.0
- limit: 24.0
  metric: C2D_CPUS
  usage: 0.0
- limit: 24.0
  metric: N2A_CPUS
  usage: 0.0
- limit: 10.0
  metric: SECURITY_POLICIES_PER_REGION
  usage: 0.0
- limit: 200.0
  metric: SECURITY_POLICY_RULES_PER_REGION
  usage: 0.0
- limit: 24.0
  metric: T2D_CPUS
  usage: 0.0
- limit: 24.0
  metric: T2A_CPUS
  usage: 0.0
selfLink: https://www.googleapis.com/compute/v1/projects/eht-cloud/regions/us-east5
status: UP
supportsPzs: false
zones:
- https://www.googleapis.com/compute/v1/projects/eht-cloud/zones/us-east5-c
- https://www.googleapis.com/compute/v1/projects/eht-cloud/zones/us-east5-b
- https://www.googleapis.com/compute/v1/projects/eht-cloud/zones/us-east5-a
GREG us-west1
creationTimestamp: '1969-12-31T16:00:00.000-08:00'
description: us-west1
id: '1210'
kind: compute#region
name: us-west1
quotas:
- limit: 1280.0
  metric: CPUS
  usage: 9.0
- limit: 51200.0
  metric: DISKS_TOTAL_GB
  usage: 6144.0
- limit: 700.0
  metric: STATIC_ADDRESSES
  usage: 1.0
- limit: 32.0
  metric: IN_USE_ADDRESSES
  usage: 2.0
- limit: 1024.0
  metric: SSD_TOTAL_GB
  usage: 416.0
- limit: 30000.0
  metric: LOCAL_SSD_TOTAL_GB
  usage: 0.0
- limit: 2500.0
  metric: INSTANCE_GROUPS
  usage: 0.0
- limit: 1250.0
  metric: INSTANCE_GROUP_MANAGERS
  usage: 0.0
- limit: 10240.0
  metric: INSTANCES
  usage: 20.0
- limit: 1250.0
  metric: AUTOSCALERS
  usage: 0.0
- limit: 500.0
  metric: REGIONAL_AUTOSCALERS
  usage: 0.0
- limit: 500.0
  metric: REGIONAL_INSTANCE_GROUP_MANAGERS
  usage: 0.0
- limit: 250.0
  metric: TARGET_TCP_PROXIES
  usage: 0.0
- limit: 0.0
  metric: PREEMPTIBLE_CPUS
  usage: 0.0
- limit: 0.0
  metric: NVIDIA_K80_GPUS
  usage: 0.0
- limit: 1280.0
  metric: COMMITTED_CPUS
  usage: 0.0
- limit: 30000.0
  metric: COMMITTED_LOCAL_SSD_TOTAL_GB
  usage: 0.0
- limit: 2000.0
  metric: COMMITMENTS
  usage: 0.0
- limit: 2500.0
  metric: NETWORK_ENDPOINT_GROUPS
  usage: 0.0
- limit: 200.0
  metric: INTERNAL_ADDRESSES
  usage: 0.0
- limit: 64.0
  metric: NVIDIA_P100_GPUS
  usage: 0.0
- limit: 0.0
  metric: PREEMPTIBLE_LOCAL_SSD_GB
  usage: 0.0
- limit: 1.0
  metric: PREEMPTIBLE_NVIDIA_K80_GPUS
  usage: 0.0
- limit: 32.0
  metric: PREEMPTIBLE_NVIDIA_P100_GPUS
  usage: 0.0
- limit: 4.0
  metric: NVIDIA_P100_VWS_GPUS
  usage: 0.0
- limit: 8.0
  metric: NVIDIA_V100_GPUS
  usage: 0.0
- limit: 8.0
  metric: NVIDIA_P4_GPUS
  usage: 0.0
- limit: 4.0
  metric: NVIDIA_P4_VWS_GPUS
  usage: 0.0
- limit: 100.0
  metric: NODE_GROUPS
  usage: 0.0
- limit: 100.0
  metric: NODE_TEMPLATES
  usage: 0.0
- limit: 32.0
  metric: PREEMPTIBLE_NVIDIA_V100_GPUS
  usage: 0.0
- limit: 32.0
  metric: PREEMPTIBLE_NVIDIA_P4_GPUS
  usage: 0.0
- limit: 4.0
  metric: PREEMPTIBLE_NVIDIA_P100_VWS_GPUS
  usage: 0.0
- limit: 4.0
  metric: PREEMPTIBLE_NVIDIA_P4_VWS_GPUS
  usage: 0.0
- limit: 16.0
  metric: INTERCONNECT_ATTACHMENTS_PER_REGION
  usage: 0.0
- limit: 80000.0
  metric: INTERCONNECT_ATTACHMENTS_TOTAL_MBPS
  usage: 0.0
- limit: 40.0
  metric: RESOURCE_POLICIES
  usage: 1.0
- limit: 1000.0
  metric: IN_USE_SNAPSHOT_SCHEDULES
  usage: 1.0
- limit: 16.0
  metric: NVIDIA_T4_GPUS
  usage: 0.0
- limit: 8.0
  metric: NVIDIA_T4_VWS_GPUS
  usage: 0.0
- limit: 16.0
  metric: PREEMPTIBLE_NVIDIA_T4_GPUS
  usage: 0.0
- limit: 8.0
  metric: PREEMPTIBLE_NVIDIA_T4_VWS_GPUS
  usage: 0.0
- limit: 20.0
  metric: IN_USE_BACKUP_SCHEDULES
  usage: 0.0
- limit: 10.0
  metric: PUBLIC_DELEGATED_PREFIXES
  usage: 0.0
- limit: 64.0
  metric: COMMITTED_NVIDIA_K80_GPUS
  usage: 0.0
- limit: 64.0
  metric: COMMITTED_NVIDIA_P100_GPUS
  usage: 0.0
- limit: 8.0
  metric: COMMITTED_NVIDIA_P4_GPUS
  usage: 0.0
- limit: 8.0
  metric: COMMITTED_NVIDIA_V100_GPUS
  usage: 0.0
- limit: 16.0
  metric: COMMITTED_NVIDIA_T4_GPUS
  usage: 0.0
- limit: 24.0
  metric: C2_CPUS
  usage: 0.0
- limit: 24.0
  metric: N2_CPUS
  usage: 0.0
- limit: 24.0
  metric: COMMITTED_N2_CPUS
  usage: 0.0
- limit: 24.0
  metric: COMMITTED_C2_CPUS
  usage: 0.0
- limit: 2000.0
  metric: RESERVATIONS
  usage: 0.0
- limit: 200.0
  metric: COMMITTED_LICENSES
  usage: 0.0
- limit: 0.0
  metric: N2D_CPUS
  usage: 0.0
- limit: 0.0
  metric: COMMITTED_N2D_CPUS
  usage: 0.0
- limit: 1000.0
  metric: SERVICE_ATTACHMENTS
  usage: 0.0
- limit: 128.0
  metric: STATIC_BYOIP_ADDRESSES
  usage: 0.0
- limit: 200.0
  metric: AFFINITY_GROUPS
  usage: 0.0
- limit: 16.0
  metric: NVIDIA_A100_GPUS
  usage: 0.0
- limit: 64.0
  metric: PREEMPTIBLE_NVIDIA_A100_GPUS
  usage: 0.0
- limit: 16.0
  metric: COMMITTED_NVIDIA_A100_GPUS
  usage: 0.0
- limit: 160.0
  metric: M1_CPUS
  usage: 0.0
- limit: 0.0
  metric: M2_CPUS
  usage: 0.0
- limit: 192.0
  metric: A2_CPUS
  usage: 0.0
- limit: 192.0
  metric: COMMITTED_A2_CPUS
  usage: 0.0
- limit: 160.0
  metric: COMMITTED_MEMORY_OPTIMIZED_CPUS
  usage: 0.0
- limit: 100.0
  metric: NETWORK_FIREWALL_POLICIES
  usage: 0.0
- limit: 1000.0
  metric: PSC_INTERNAL_LB_FORWARDING_RULES
  usage: 0.0
- limit: 375.0
  metric: EXTERNAL_NETWORK_LB_FORWARDING_RULES
  usage: 0.0
- limit: 375.0
  metric: EXTERNAL_PROTOCOL_FORWARDING_RULES
  usage: 0.0
- limit: 900000.0
  metric: PD_EXTREME_TOTAL_PROVISIONED_IOPS
  usage: 0.0
- limit: 2400.0
  metric: E2_CPUS
  usage: 0.0
- limit: 2400.0
  metric: COMMITTED_E2_CPUS
  usage: 0.0
- limit: 35.0
  metric: EXTERNAL_MANAGED_FORWARDING_RULES
  usage: 0.0
- limit: 500.0
  metric: C2D_CPUS
  usage: 0.0
- limit: 128.0
  metric: N2A_CPUS
  usage: 0.0
- limit: 10.0
  metric: SECURITY_POLICIES_PER_REGION
  usage: 0.0
- limit: 200.0
  metric: SECURITY_POLICY_RULES_PER_REGION
  usage: 0.0
- limit: 128.0
  metric: T2D_CPUS
  usage: 0.0
- limit: 96.0
  metric: T2A_CPUS
  usage: 0.0
selfLink: https://www.googleapis.com/compute/v1/projects/eht-cloud/regions/us-west1
status: UP
supportsPzs: false
zones:
- https://www.googleapis.com/compute/v1/projects/eht-cloud/zones/us-west1-a
- https://www.googleapis.com/compute/v1/projects/eht-cloud/zones/us-west1-b
- https://www.googleapis.com/compute/v1/projects/eht-cloud/zones/us-west1-c
GREG us-west2
creationTimestamp: '1969-12-31T16:00:00.000-08:00'
description: us-west2
id: '1360'
kind: compute#region
name: us-west2
quotas:
- limit: 2400.0
  metric: CPUS
  usage: 0.0
- limit: 204800.0
  metric: DISKS_TOTAL_GB
  usage: 0.0
- limit: 700.0
  metric: STATIC_ADDRESSES
  usage: 0.0
- limit: 2300.0
  metric: IN_USE_ADDRESSES
  usage: 0.0
- limit: 81920.0
  metric: SSD_TOTAL_GB
  usage: 0.0
- limit: 30000.0
  metric: LOCAL_SSD_TOTAL_GB
  usage: 0.0
- limit: 2500.0
  metric: INSTANCE_GROUPS
  usage: 0.0
- limit: 1250.0
  metric: INSTANCE_GROUP_MANAGERS
  usage: 0.0
- limit: 24000.0
  metric: INSTANCES
  usage: 0.0
- limit: 1250.0
  metric: AUTOSCALERS
  usage: 0.0
- limit: 500.0
  metric: REGIONAL_AUTOSCALERS
  usage: 0.0
- limit: 500.0
  metric: REGIONAL_INSTANCE_GROUP_MANAGERS
  usage: 0.0
- limit: 250.0
  metric: TARGET_TCP_PROXIES
  usage: 0.0
- limit: 10000.0
  metric: PREEMPTIBLE_CPUS
  usage: 0.0
- limit: 64.0
  metric: NVIDIA_K80_GPUS
  usage: 0.0
- limit: 2400.0
  metric: COMMITTED_CPUS
  usage: 0.0
- limit: 30000.0
  metric: COMMITTED_LOCAL_SSD_TOTAL_GB
  usage: 0.0
- limit: 2000.0
  metric: COMMITMENTS
  usage: 0.0
- limit: 2500.0
  metric: NETWORK_ENDPOINT_GROUPS
  usage: 0.0
- limit: 200.0
  metric: INTERNAL_ADDRESSES
  usage: 0.0
- limit: 64.0
  metric: NVIDIA_P100_GPUS
  usage: 0.0
- limit: 0.0
  metric: PREEMPTIBLE_LOCAL_SSD_GB
  usage: 0.0
- limit: 1.0
  metric: PREEMPTIBLE_NVIDIA_K80_GPUS
  usage: 0.0
- limit: 32.0
  metric: PREEMPTIBLE_NVIDIA_P100_GPUS
  usage: 0.0
- limit: 4.0
  metric: NVIDIA_P100_VWS_GPUS
  usage: 0.0
- limit: 8.0
  metric: NVIDIA_V100_GPUS
  usage: 0.0
- limit: 8.0
  metric: NVIDIA_P4_GPUS
  usage: 0.0
- limit: 4.0
  metric: NVIDIA_P4_VWS_GPUS
  usage: 0.0
- limit: 100.0
  metric: NODE_GROUPS
  usage: 0.0
- limit: 100.0
  metric: NODE_TEMPLATES
  usage: 0.0
- limit: 32.0
  metric: PREEMPTIBLE_NVIDIA_V100_GPUS
  usage: 0.0
- limit: 32.0
  metric: PREEMPTIBLE_NVIDIA_P4_GPUS
  usage: 0.0
- limit: 4.0
  metric: PREEMPTIBLE_NVIDIA_P100_VWS_GPUS
  usage: 0.0
- limit: 4.0
  metric: PREEMPTIBLE_NVIDIA_P4_VWS_GPUS
  usage: 0.0
- limit: 16.0
  metric: INTERCONNECT_ATTACHMENTS_PER_REGION
  usage: 0.0
- limit: 80000.0
  metric: INTERCONNECT_ATTACHMENTS_TOTAL_MBPS
  usage: 0.0
- limit: 40.0
  metric: RESOURCE_POLICIES
  usage: 0.0
- limit: 1000.0
  metric: IN_USE_SNAPSHOT_SCHEDULES
  usage: 0.0
- limit: 16.0
  metric: NVIDIA_T4_GPUS
  usage: 0.0
- limit: 8.0
  metric: NVIDIA_T4_VWS_GPUS
  usage: 0.0
- limit: 16.0
  metric: PREEMPTIBLE_NVIDIA_T4_GPUS
  usage: 0.0
- limit: 8.0
  metric: PREEMPTIBLE_NVIDIA_T4_VWS_GPUS
  usage: 0.0
- limit: 20.0
  metric: IN_USE_BACKUP_SCHEDULES
  usage: 0.0
- limit: 10.0
  metric: PUBLIC_DELEGATED_PREFIXES
  usage: 0.0
- limit: 64.0
  metric: COMMITTED_NVIDIA_K80_GPUS
  usage: 0.0
- limit: 64.0
  metric: COMMITTED_NVIDIA_P100_GPUS
  usage: 0.0
- limit: 8.0
  metric: COMMITTED_NVIDIA_P4_GPUS
  usage: 0.0
- limit: 8.0
  metric: COMMITTED_NVIDIA_V100_GPUS
  usage: 0.0
- limit: 16.0
  metric: COMMITTED_NVIDIA_T4_GPUS
  usage: 0.0
- limit: 24.0
  metric: C2_CPUS
  usage: 0.0
- limit: 24.0
  metric: N2_CPUS
  usage: 0.0
- limit: 24.0
  metric: COMMITTED_N2_CPUS
  usage: 0.0
- limit: 24.0
  metric: COMMITTED_C2_CPUS
  usage: 0.0
- limit: 2000.0
  metric: RESERVATIONS
  usage: 0.0
- limit: 200.0
  metric: COMMITTED_LICENSES
  usage: 0.0
- limit: 0.0
  metric: N2D_CPUS
  usage: 0.0
- limit: 0.0
  metric: COMMITTED_N2D_CPUS
  usage: 0.0
- limit: 1000.0
  metric: SERVICE_ATTACHMENTS
  usage: 0.0
- limit: 128.0
  metric: STATIC_BYOIP_ADDRESSES
  usage: 0.0
- limit: 200.0
  metric: AFFINITY_GROUPS
  usage: 0.0
- limit: 16.0
  metric: NVIDIA_A100_GPUS
  usage: 0.0
- limit: 64.0
  metric: PREEMPTIBLE_NVIDIA_A100_GPUS
  usage: 0.0
- limit: 16.0
  metric: COMMITTED_NVIDIA_A100_GPUS
  usage: 0.0
- limit: 160.0
  metric: M1_CPUS
  usage: 0.0
- limit: 0.0
  metric: M2_CPUS
  usage: 0.0
- limit: 192.0
  metric: A2_CPUS
  usage: 0.0
- limit: 192.0
  metric: COMMITTED_A2_CPUS
  usage: 0.0
- limit: 160.0
  metric: COMMITTED_MEMORY_OPTIMIZED_CPUS
  usage: 0.0
- limit: 100.0
  metric: NETWORK_FIREWALL_POLICIES
  usage: 0.0
- limit: 1000.0
  metric: PSC_INTERNAL_LB_FORWARDING_RULES
  usage: 0.0
- limit: 375.0
  metric: EXTERNAL_NETWORK_LB_FORWARDING_RULES
  usage: 0.0
- limit: 375.0
  metric: EXTERNAL_PROTOCOL_FORWARDING_RULES
  usage: 0.0
- limit: 900000.0
  metric: PD_EXTREME_TOTAL_PROVISIONED_IOPS
  usage: 0.0
- limit: 2400.0
  metric: E2_CPUS
  usage: 0.0
- limit: 2400.0
  metric: COMMITTED_E2_CPUS
  usage: 0.0
- limit: 35.0
  metric: EXTERNAL_MANAGED_FORWARDING_RULES
  usage: 0.0
- limit: 500.0
  metric: C2D_CPUS
  usage: 0.0
- limit: 128.0
  metric: N2A_CPUS
  usage: 0.0
- limit: 10.0
  metric: SECURITY_POLICIES_PER_REGION
  usage: 0.0
- limit: 200.0
  metric: SECURITY_POLICY_RULES_PER_REGION
  usage: 0.0
- limit: 128.0
  metric: T2D_CPUS
  usage: 0.0
- limit: 96.0
  metric: T2A_CPUS
  usage: 0.0
selfLink: https://www.googleapis.com/compute/v1/projects/eht-cloud/regions/us-west2
status: UP
supportsPzs: false
zones:
- https://www.googleapis.com/compute/v1/projects/eht-cloud/zones/us-west2-c
- https://www.googleapis.com/compute/v1/projects/eht-cloud/zones/us-west2-b
- https://www.googleapis.com/compute/v1/projects/eht-cloud/zones/us-west2-a
GREG us-west3
creationTimestamp: '1969-12-31T16:00:00.000-08:00'
description: us-west3
id: '1420'
kind: compute#region
name: us-west3
quotas:
- limit: 24.0
  metric: CPUS
  usage: 0.0
- limit: 4096.0
  metric: DISKS_TOTAL_GB
  usage: 0.0
- limit: 8.0
  metric: STATIC_ADDRESSES
  usage: 0.0
- limit: 8.0
  metric: IN_USE_ADDRESSES
  usage: 0.0
- limit: 500.0
  metric: SSD_TOTAL_GB
  usage: 0.0
- limit: 6000.0
  metric: LOCAL_SSD_TOTAL_GB
  usage: 0.0
- limit: 100.0
  metric: INSTANCE_GROUPS
  usage: 0.0
- limit: 50.0
  metric: INSTANCE_GROUP_MANAGERS
  usage: 0.0
- limit: 240.0
  metric: INSTANCES
  usage: 0.0
- limit: 50.0
  metric: AUTOSCALERS
  usage: 0.0
- limit: 20.0
  metric: REGIONAL_AUTOSCALERS
  usage: 0.0
- limit: 20.0
  metric: REGIONAL_INSTANCE_GROUP_MANAGERS
  usage: 0.0
- limit: 250.0
  metric: TARGET_TCP_PROXIES
  usage: 0.0
- limit: 0.0
  metric: PREEMPTIBLE_CPUS
  usage: 0.0
- limit: 1.0
  metric: NVIDIA_K80_GPUS
  usage: 0.0
- limit: 0.0
  metric: COMMITTED_CPUS
  usage: 0.0
- limit: 0.0
  metric: COMMITTED_LOCAL_SSD_TOTAL_GB
  usage: 0.0
- limit: 0.0
  metric: COMMITMENTS
  usage: 0.0
- limit: 100.0
  metric: NETWORK_ENDPOINT_GROUPS
  usage: 0.0
- limit: 200.0
  metric: INTERNAL_ADDRESSES
  usage: 0.0
- limit: 1.0
  metric: NVIDIA_P100_GPUS
  usage: 0.0
- limit: 0.0
  metric: PREEMPTIBLE_LOCAL_SSD_GB
  usage: 0.0
- limit: 1.0
  metric: PREEMPTIBLE_NVIDIA_K80_GPUS
  usage: 0.0
- limit: 1.0
  metric: PREEMPTIBLE_NVIDIA_P100_GPUS
  usage: 0.0
- limit: 1.0
  metric: NVIDIA_P100_VWS_GPUS
  usage: 0.0
- limit: 1.0
  metric: NVIDIA_V100_GPUS
  usage: 0.0
- limit: 1.0
  metric: NVIDIA_P4_GPUS
  usage: 0.0
- limit: 1.0
  metric: NVIDIA_P4_VWS_GPUS
  usage: 0.0
- limit: 100.0
  metric: NODE_GROUPS
  usage: 0.0
- limit: 100.0
  metric: NODE_TEMPLATES
  usage: 0.0
- limit: 1.0
  metric: PREEMPTIBLE_NVIDIA_V100_GPUS
  usage: 0.0
- limit: 1.0
  metric: PREEMPTIBLE_NVIDIA_P4_GPUS
  usage: 0.0
- limit: 1.0
  metric: PREEMPTIBLE_NVIDIA_P100_VWS_GPUS
  usage: 0.0
- limit: 1.0
  metric: PREEMPTIBLE_NVIDIA_P4_VWS_GPUS
  usage: 0.0
- limit: 16.0
  metric: INTERCONNECT_ATTACHMENTS_PER_REGION
  usage: 0.0
- limit: 80000.0
  metric: INTERCONNECT_ATTACHMENTS_TOTAL_MBPS
  usage: 0.0
- limit: 5.0
  metric: RESOURCE_POLICIES
  usage: 0.0
- limit: 20.0
  metric: IN_USE_SNAPSHOT_SCHEDULES
  usage: 0.0
- limit: 1.0
  metric: NVIDIA_T4_GPUS
  usage: 0.0
- limit: 1.0
  metric: NVIDIA_T4_VWS_GPUS
  usage: 0.0
- limit: 1.0
  metric: PREEMPTIBLE_NVIDIA_T4_GPUS
  usage: 0.0
- limit: 1.0
  metric: PREEMPTIBLE_NVIDIA_T4_VWS_GPUS
  usage: 0.0
- limit: 20.0
  metric: IN_USE_BACKUP_SCHEDULES
  usage: 0.0
- limit: 10.0
  metric: PUBLIC_DELEGATED_PREFIXES
  usage: 0.0
- limit: 0.0
  metric: COMMITTED_NVIDIA_K80_GPUS
  usage: 0.0
- limit: 0.0
  metric: COMMITTED_NVIDIA_P100_GPUS
  usage: 0.0
- limit: 0.0
  metric: COMMITTED_NVIDIA_P4_GPUS
  usage: 0.0
- limit: 0.0
  metric: COMMITTED_NVIDIA_V100_GPUS
  usage: 0.0
- limit: 0.0
  metric: COMMITTED_NVIDIA_T4_GPUS
  usage: 0.0
- limit: 0.0
  metric: C2_CPUS
  usage: 0.0
- limit: 0.0
  metric: N2_CPUS
  usage: 0.0
- limit: 0.0
  metric: COMMITTED_N2_CPUS
  usage: 0.0
- limit: 0.0
  metric: COMMITTED_C2_CPUS
  usage: 0.0
- limit: 100.0
  metric: RESERVATIONS
  usage: 0.0
- limit: 0.0
  metric: COMMITTED_LICENSES
  usage: 0.0
- limit: 0.0
  metric: N2D_CPUS
  usage: 0.0
- limit: 500.0
  metric: COMMITTED_N2D_CPUS
  usage: 0.0
- limit: 1000.0
  metric: SERVICE_ATTACHMENTS
  usage: 0.0
- limit: 1024.0
  metric: STATIC_BYOIP_ADDRESSES
  usage: 0.0
- limit: 200.0
  metric: AFFINITY_GROUPS
  usage: 0.0
- limit: 16.0
  metric: NVIDIA_A100_GPUS
  usage: 0.0
- limit: 64.0
  metric: PREEMPTIBLE_NVIDIA_A100_GPUS
  usage: 0.0
- limit: 16.0
  metric: COMMITTED_NVIDIA_A100_GPUS
  usage: 0.0
- limit: 160.0
  metric: M1_CPUS
  usage: 0.0
- limit: 0.0
  metric: M2_CPUS
  usage: 0.0
- limit: 192.0
  metric: A2_CPUS
  usage: 0.0
- limit: 192.0
  metric: COMMITTED_A2_CPUS
  usage: 0.0
- limit: 160.0
  metric: COMMITTED_MEMORY_OPTIMIZED_CPUS
  usage: 0.0
- limit: 100.0
  metric: NETWORK_FIREWALL_POLICIES
  usage: 0.0
- limit: 1000.0
  metric: PSC_INTERNAL_LB_FORWARDING_RULES
  usage: 0.0
- limit: 375.0
  metric: EXTERNAL_NETWORK_LB_FORWARDING_RULES
  usage: 0.0
- limit: 375.0
  metric: EXTERNAL_PROTOCOL_FORWARDING_RULES
  usage: 0.0
- limit: 900000.0
  metric: PD_EXTREME_TOTAL_PROVISIONED_IOPS
  usage: 0.0
- limit: 2400.0
  metric: E2_CPUS
  usage: 0.0
- limit: 2400.0
  metric: COMMITTED_E2_CPUS
  usage: 0.0
- limit: 35.0
  metric: EXTERNAL_MANAGED_FORWARDING_RULES
  usage: 0.0
- limit: 500.0
  metric: C2D_CPUS
  usage: 0.0
- limit: 128.0
  metric: N2A_CPUS
  usage: 0.0
- limit: 10.0
  metric: SECURITY_POLICIES_PER_REGION
  usage: 0.0
- limit: 200.0
  metric: SECURITY_POLICY_RULES_PER_REGION
  usage: 0.0
- limit: 128.0
  metric: T2D_CPUS
  usage: 0.0
- limit: 96.0
  metric: T2A_CPUS
  usage: 0.0
selfLink: https://www.googleapis.com/compute/v1/projects/eht-cloud/regions/us-west3
status: UP
supportsPzs: false
zones:
- https://www.googleapis.com/compute/v1/projects/eht-cloud/zones/us-west3-a
- https://www.googleapis.com/compute/v1/projects/eht-cloud/zones/us-west3-b
- https://www.googleapis.com/compute/v1/projects/eht-cloud/zones/us-west3-c
GREG us-west4
creationTimestamp: '1969-12-31T16:00:00.000-08:00'
description: us-west4
id: '1430'
kind: compute#region
name: us-west4
quotas:
- limit: 24.0
  metric: CPUS
  usage: 0.0
- limit: 4096.0
  metric: DISKS_TOTAL_GB
  usage: 0.0
- limit: 8.0
  metric: STATIC_ADDRESSES
  usage: 0.0
- limit: 8.0
  metric: IN_USE_ADDRESSES
  usage: 0.0
- limit: 500.0
  metric: SSD_TOTAL_GB
  usage: 0.0
- limit: 6000.0
  metric: LOCAL_SSD_TOTAL_GB
  usage: 0.0
- limit: 100.0
  metric: INSTANCE_GROUPS
  usage: 0.0
- limit: 50.0
  metric: INSTANCE_GROUP_MANAGERS
  usage: 0.0
- limit: 240.0
  metric: INSTANCES
  usage: 0.0
- limit: 50.0
  metric: AUTOSCALERS
  usage: 0.0
- limit: 20.0
  metric: REGIONAL_AUTOSCALERS
  usage: 0.0
- limit: 20.0
  metric: REGIONAL_INSTANCE_GROUP_MANAGERS
  usage: 0.0
- limit: 250.0
  metric: TARGET_TCP_PROXIES
  usage: 0.0
- limit: 0.0
  metric: PREEMPTIBLE_CPUS
  usage: 0.0
- limit: 1.0
  metric: NVIDIA_K80_GPUS
  usage: 0.0
- limit: 0.0
  metric: COMMITTED_CPUS
  usage: 0.0
- limit: 0.0
  metric: COMMITTED_LOCAL_SSD_TOTAL_GB
  usage: 0.0
- limit: 0.0
  metric: COMMITMENTS
  usage: 0.0
- limit: 100.0
  metric: NETWORK_ENDPOINT_GROUPS
  usage: 0.0
- limit: 200.0
  metric: INTERNAL_ADDRESSES
  usage: 0.0
- limit: 1.0
  metric: NVIDIA_P100_GPUS
  usage: 0.0
- limit: 0.0
  metric: PREEMPTIBLE_LOCAL_SSD_GB
  usage: 0.0
- limit: 1.0
  metric: PREEMPTIBLE_NVIDIA_K80_GPUS
  usage: 0.0
- limit: 1.0
  metric: PREEMPTIBLE_NVIDIA_P100_GPUS
  usage: 0.0
- limit: 1.0
  metric: NVIDIA_P100_VWS_GPUS
  usage: 0.0
- limit: 1.0
  metric: NVIDIA_V100_GPUS
  usage: 0.0
- limit: 1.0
  metric: NVIDIA_P4_GPUS
  usage: 0.0
- limit: 1.0
  metric: NVIDIA_P4_VWS_GPUS
  usage: 0.0
- limit: 100.0
  metric: NODE_GROUPS
  usage: 0.0
- limit: 100.0
  metric: NODE_TEMPLATES
  usage: 0.0
- limit: 1.0
  metric: PREEMPTIBLE_NVIDIA_V100_GPUS
  usage: 0.0
- limit: 1.0
  metric: PREEMPTIBLE_NVIDIA_P4_GPUS
  usage: 0.0
- limit: 1.0
  metric: PREEMPTIBLE_NVIDIA_P100_VWS_GPUS
  usage: 0.0
- limit: 1.0
  metric: PREEMPTIBLE_NVIDIA_P4_VWS_GPUS
  usage: 0.0
- limit: 16.0
  metric: INTERCONNECT_ATTACHMENTS_PER_REGION
  usage: 0.0
- limit: 80000.0
  metric: INTERCONNECT_ATTACHMENTS_TOTAL_MBPS
  usage: 0.0
- limit: 5.0
  metric: RESOURCE_POLICIES
  usage: 0.0
- limit: 20.0
  metric: IN_USE_SNAPSHOT_SCHEDULES
  usage: 0.0
- limit: 1.0
  metric: NVIDIA_T4_GPUS
  usage: 0.0
- limit: 1.0
  metric: NVIDIA_T4_VWS_GPUS
  usage: 0.0
- limit: 1.0
  metric: PREEMPTIBLE_NVIDIA_T4_GPUS
  usage: 0.0
- limit: 1.0
  metric: PREEMPTIBLE_NVIDIA_T4_VWS_GPUS
  usage: 0.0
- limit: 20.0
  metric: IN_USE_BACKUP_SCHEDULES
  usage: 0.0
- limit: 10.0
  metric: PUBLIC_DELEGATED_PREFIXES
  usage: 0.0
- limit: 0.0
  metric: COMMITTED_NVIDIA_K80_GPUS
  usage: 0.0
- limit: 0.0
  metric: COMMITTED_NVIDIA_P100_GPUS
  usage: 0.0
- limit: 0.0
  metric: COMMITTED_NVIDIA_P4_GPUS
  usage: 0.0
- limit: 0.0
  metric: COMMITTED_NVIDIA_V100_GPUS
  usage: 0.0
- limit: 0.0
  metric: COMMITTED_NVIDIA_T4_GPUS
  usage: 0.0
- limit: 0.0
  metric: C2_CPUS
  usage: 0.0
- limit: 0.0
  metric: N2_CPUS
  usage: 0.0
- limit: 0.0
  metric: COMMITTED_N2_CPUS
  usage: 0.0
- limit: 0.0
  metric: COMMITTED_C2_CPUS
  usage: 0.0
- limit: 100.0
  metric: RESERVATIONS
  usage: 0.0
- limit: 0.0
  metric: COMMITTED_LICENSES
  usage: 0.0
- limit: 0.0
  metric: N2D_CPUS
  usage: 0.0
- limit: 500.0
  metric: COMMITTED_N2D_CPUS
  usage: 0.0
- limit: 1000.0
  metric: SERVICE_ATTACHMENTS
  usage: 0.0
- limit: 1024.0
  metric: STATIC_BYOIP_ADDRESSES
  usage: 0.0
- limit: 200.0
  metric: AFFINITY_GROUPS
  usage: 0.0
- limit: 16.0
  metric: NVIDIA_A100_GPUS
  usage: 0.0
- limit: 64.0
  metric: PREEMPTIBLE_NVIDIA_A100_GPUS
  usage: 0.0
- limit: 16.0
  metric: COMMITTED_NVIDIA_A100_GPUS
  usage: 0.0
- limit: 160.0
  metric: M1_CPUS
  usage: 0.0
- limit: 0.0
  metric: M2_CPUS
  usage: 0.0
- limit: 192.0
  metric: A2_CPUS
  usage: 0.0
- limit: 192.0
  metric: COMMITTED_A2_CPUS
  usage: 0.0
- limit: 160.0
  metric: COMMITTED_MEMORY_OPTIMIZED_CPUS
  usage: 0.0
- limit: 100.0
  metric: NETWORK_FIREWALL_POLICIES
  usage: 0.0
- limit: 1000.0
  metric: PSC_INTERNAL_LB_FORWARDING_RULES
  usage: 0.0
- limit: 375.0
  metric: EXTERNAL_NETWORK_LB_FORWARDING_RULES
  usage: 0.0
- limit: 375.0
  metric: EXTERNAL_PROTOCOL_FORWARDING_RULES
  usage: 0.0
- limit: 900000.0
  metric: PD_EXTREME_TOTAL_PROVISIONED_IOPS
  usage: 0.0
- limit: 2400.0
  metric: E2_CPUS
  usage: 0.0
- limit: 2400.0
  metric: COMMITTED_E2_CPUS
  usage: 0.0
- limit: 35.0
  metric: EXTERNAL_MANAGED_FORWARDING_RULES
  usage: 0.0
- limit: 500.0
  metric: C2D_CPUS
  usage: 0.0
- limit: 128.0
  metric: N2A_CPUS
  usage: 0.0
- limit: 10.0
  metric: SECURITY_POLICIES_PER_REGION
  usage: 0.0
- limit: 200.0
  metric: SECURITY_POLICY_RULES_PER_REGION
  usage: 0.0
- limit: 128.0
  metric: T2D_CPUS
  usage: 0.0
- limit: 96.0
  metric: T2A_CPUS
  usage: 0.0
selfLink: https://www.googleapis.com/compute/v1/projects/eht-cloud/regions/us-west4
status: UP
supportsPzs: false
zones:
- https://www.googleapis.com/compute/v1/projects/eht-cloud/zones/us-west4-c
- https://www.googleapis.com/compute/v1/projects/eht-cloud/zones/us-west4-a
- https://www.googleapis.com/compute/v1/projects/eht-cloud/zones/us-west4-b
